2023/05/08 21:34:17 [emerg] 1#1: unexpected end of file, expecting "}" in /etc/nginx/conf.d/web.conf:24
2023/05/08 21:39:09 [notice] 1#1: using the "epoll" event method
2023/05/08 21:39:09 [notice] 1#1: nginx/1.23.4
2023/05/08 21:39:09 [notice] 1#1: built by gcc 10.2.1 20210110 (Debian 10.2.1-6) 
2023/05/08 21:39:09 [notice] 1#1: OS: Linux 4.19.128-microsoft-standard
2023/05/08 21:39:09 [notice] 1#1: getrlimit(RLIMIT_NOFILE): 1048576:1048576
2023/05/08 21:39:09 [notice] 1#1: start worker processes
2023/05/08 21:39:09 [notice] 1#1: start worker process 20
2023/05/08 21:39:09 [notice] 1#1: start worker process 21
2023/05/08 21:39:09 [notice] 1#1: start worker process 22
2023/05/08 21:39:09 [notice] 1#1: start worker process 23
2023/05/08 22:22:40 [notice] 1#1: signal 3 (SIGQUIT) received, shutting down
2023/05/08 22:22:40 [notice] 20#20: gracefully shutting down
2023/05/08 22:22:40 [notice] 22#22: gracefully shutting down
2023/05/08 22:22:40 [notice] 21#21: gracefully shutting down
2023/05/08 22:22:40 [notice] 23#23: gracefully shutting down
2023/05/08 22:22:40 [notice] 20#20: exiting
2023/05/08 22:22:40 [notice] 23#23: exiting
2023/05/08 22:22:40 [notice] 22#22: exiting
2023/05/08 22:22:40 [notice] 21#21: exiting
2023/05/08 22:22:40 [notice] 23#23: exit
2023/05/08 22:22:40 [notice] 20#20: exit
2023/05/08 22:22:40 [notice] 22#22: exit
2023/05/08 22:22:40 [notice] 21#21: exit
2023/05/08 22:22:40 [notice] 1#1: signal 17 (SIGCHLD) received from 21
2023/05/08 22:22:40 [notice] 1#1: worker process 20 exited with code 0
2023/05/08 22:22:40 [notice] 1#1: worker process 21 exited with code 0
2023/05/08 22:22:40 [notice] 1#1: worker process 22 exited with code 0
2023/05/08 22:22:40 [notice] 1#1: worker process 23 exited with code 0
2023/05/08 22:22:40 [notice] 1#1: exit
2023/05/08 22:22:43 [notice] 1#1: using the "epoll" event method
2023/05/08 22:22:43 [notice] 1#1: nginx/1.23.4
2023/05/08 22:22:43 [notice] 1#1: built by gcc 10.2.1 20210110 (Debian 10.2.1-6) 
2023/05/08 22:22:43 [notice] 1#1: OS: Linux 4.19.128-microsoft-standard
2023/05/08 22:22:43 [notice] 1#1: getrlimit(RLIMIT_NOFILE): 1048576:1048576
2023/05/08 22:22:43 [notice] 1#1: start worker processes
2023/05/08 22:22:43 [notice] 1#1: start worker process 20
2023/05/08 22:22:43 [notice] 1#1: start worker process 21
2023/05/08 22:22:43 [notice] 1#1: start worker process 22
2023/05/08 22:22:43 [notice] 1#1: start worker process 23
2023/05/08 22:24:04 [notice] 1#1: signal 3 (SIGQUIT) received, shutting down
2023/05/08 22:24:04 [notice] 20#20: gracefully shutting down
2023/05/08 22:24:04 [notice] 20#20: exiting
2023/05/08 22:24:04 [notice] 22#22: gracefully shutting down
2023/05/08 22:24:04 [notice] 23#23: gracefully shutting down
2023/05/08 22:24:04 [notice] 21#21: gracefully shutting down
2023/05/08 22:24:04 [notice] 21#21: exiting
2023/05/08 22:24:04 [notice] 20#20: exit
2023/05/08 22:24:04 [notice] 22#22: exiting
2023/05/08 22:24:04 [notice] 23#23: exiting
2023/05/08 22:24:04 [notice] 21#21: exit
2023/05/08 22:24:04 [notice] 22#22: exit
2023/05/08 22:24:04 [notice] 23#23: exit
2023/05/08 22:24:04 [notice] 1#1: signal 17 (SIGCHLD) received from 20
2023/05/08 22:24:04 [notice] 1#1: worker process 20 exited with code 0
2023/05/08 22:24:04 [notice] 1#1: worker process 21 exited with code 0
2023/05/08 22:24:04 [notice] 1#1: worker process 23 exited with code 0
2023/05/08 22:24:04 [notice] 1#1: signal 29 (SIGIO) received
2023/05/08 22:24:04 [notice] 1#1: signal 17 (SIGCHLD) received from 22
2023/05/08 22:24:04 [notice] 1#1: worker process 22 exited with code 0
2023/05/08 22:24:04 [notice] 1#1: exit
2023/05/08 22:24:07 [notice] 1#1: using the "epoll" event method
2023/05/08 22:24:07 [notice] 1#1: nginx/1.23.4
2023/05/08 22:24:07 [notice] 1#1: built by gcc 10.2.1 20210110 (Debian 10.2.1-6) 
2023/05/08 22:24:07 [notice] 1#1: OS: Linux 4.19.128-microsoft-standard
2023/05/08 22:24:07 [notice] 1#1: getrlimit(RLIMIT_NOFILE): 1048576:1048576
2023/05/08 22:24:07 [notice] 1#1: start worker processes
2023/05/08 22:24:07 [notice] 1#1: start worker process 19
2023/05/08 22:24:07 [notice] 1#1: start worker process 20
2023/05/08 22:24:07 [notice] 1#1: start worker process 21
2023/05/08 22:24:07 [notice] 1#1: start worker process 22
